<?xml version="1.0" encoding="UTF-8"?>
<!-- Generated by org.testng.reporters.JUnitReportReporter -->
<testsuite hostname="LAPTOP-9C2EJI3D" failures="0" tests="1" name="Extract.CellPhone_P3" time="4.368" errors="0" timestamp="28 Jan 2024 01:49:46 GMT">
  <testcase classname="Extract.CellPhone_P3" name="product1" time="4.368"/>
</testsuite> <!-- Extract.CellPhone_P3 -->
