<?xml version="1.0" encoding="UTF-8"?>
<!-- Generated by org.testng.reporters.JUnitReportReporter -->
<testsuite hostname="LAPTOP-9C2EJI3D" failures="0" tests="1" name="Extract.CellPhone_p2" time="5.802" errors="0" timestamp="27 Jan 2024 16:24:37 GMT">
  <testcase classname="Extract.CellPhone_p2" name="product1" time="5.802"/>
</testsuite> <!-- Extract.CellPhone_p2 -->
