<?xml version="1.0" encoding="UTF-8"?>
<!-- Generated by org.testng.reporters.JUnitReportReporter -->
<testsuite hostname="LAPTOP-9C2EJI3D" failures="0" tests="1" name="Extract.CellPhone_P1" time="4.667" errors="0" timestamp="28 Jan 2024 05:46:01 GMT">
  <testcase classname="Extract.CellPhone_P1" name="product1" time="4.667"/>
</testsuite> <!-- Extract.CellPhone_P1 -->
