<?xml version="1.0" encoding="UTF-8"?>
<!-- Generated by org.testng.reporters.JUnitReportReporter -->
<testsuite hostname="LAPTOP-9C2EJI3D" failures="0" tests="3" name="Extract.CellPhoneTest" time="19.252" errors="0" timestamp="6 Feb 2024 15:15:44 GMT">
  <testcase classname="Extract.CellPhoneTest" name="product2" time="6.279"/>
  <testcase classname="Extract.CellPhoneTest" name="product1" time="5.200"/>
  <testcase classname="Extract.CellPhoneTest" name="product3" time="7.773"/>
</testsuite> <!-- Extract.CellPhoneTest -->
